<?xml version="1.0" encoding="UTF-8"?>
<testng-results ignored="0" total="1" passed="1" failed="0" skipped="0">
  <reporter-output>
  </reporter-output>
  <suite started-at="2022-11-28T18:48:30 EET" name="Default suite" finished-at="2022-11-28T18:48:37 EET" duration-ms="6831">
    <groups>
    </groups>
    <test started-at="2022-11-28T18:48:30 EET" name="Default test" finished-at="2022-11-28T18:48:37 EET" duration-ms="6831">
      <class name="SmartBuyDiscount">
        <test-method is-config="true" signature="Login()[pri:0, instance:SmartBuyDiscount@31fa1761]" started-at="2022-11-28T18:48:30 EET" name="Login" finished-at="2022-11-28T18:48:36 EET" duration-ms="6574" status="PASS">
          <reporter-output>
          </reporter-output>
        </test-method> <!-- Login -->
        <test-method signature="Descount()[pri:0, instance:SmartBuyDiscount@31fa1761]" started-at="2022-11-28T18:48:36 EET" name="Descount" finished-at="2022-11-28T18:48:37 EET" duration-ms="217" status="PASS">
          <reporter-output>
          </reporter-output>
        </test-method> <!-- Descount -->
      </class> <!-- SmartBuyDiscount -->
    </test> <!-- Default test -->
  </suite> <!-- Default suite -->
</testng-results>
